{"synthetic": false,
 "outputs":
 {"o": ["2676615065245630316"],
  "i": "17355084847046104181",
  "c": "16285267045082743895"},
 "log":
 [{"message":
   ".> LEAN_PATH=/Volumes/T9/Cursor-Active/aug11-lean/meta-principle/IndisputableChain/.lake/packages/Cli/.lake/build/lib/lean:/Volumes/T9/Cursor-Active/aug11-lean/meta-principle/IndisputableChain/.lake/packages/batteries/.lake/build/lib/lean:/Volumes/T9/Cursor-Active/aug11-lean/meta-principle/IndisputableChain/.lake/packages/Qq/.lake/build/lib/lean:/Volumes/T9/Cursor-Active/aug11-lean/meta-principle/IndisputableChain/.lake/packages/aesop/.lake/build/lib/lean:/Volumes/T9/Cursor-Active/aug11-lean/meta-principle/IndisputableChain/.lake/packages/proofwidgets/.lake/build/lib/lean:/Volumes/T9/Cursor-Active/aug11-lean/meta-principle/IndisputableChain/.lake/packages/importGraph/.lake/build/lib/lean:/Volumes/T9/Cursor-Active/aug11-lean/meta-principle/IndisputableChain/.lake/packages/LeanSearchClient/.lake/build/lib/lean:/Volumes/T9/Cursor-Active/aug11-lean/meta-principle/IndisputableChain/.lake/packages/plausible/.lake/build/lib/lean:/Volumes/T9/Cursor-Active/aug11-lean/meta-principle/IndisputableChain/.lake/packages/mathlib/.lake/build/lib/lean:/Volumes/T9/Cursor-Active/aug11-lean/meta-principle/IndisputableChain/.lake/build/lib/lean /Users/jonathanwashburn/.elan/toolchains/leanprover--lean4---v4.22.0-rc4/bin/lean /Volumes/T9/Cursor-Active/aug11-lean/meta-principle/IndisputableChain/IndisputableChain/T7.lean -o /Volumes/T9/Cursor-Active/aug11-lean/meta-principle/IndisputableChain/.lake/build/lib/lean/IndisputableChain/T7.olean -i /Volumes/T9/Cursor-Active/aug11-lean/meta-principle/IndisputableChain/.lake/build/lib/lean/IndisputableChain/T7.ilean -c /Volumes/T9/Cursor-Active/aug11-lean/meta-principle/IndisputableChain/.lake/build/ir/IndisputableChain/T7.c --setup /Volumes/T9/Cursor-Active/aug11-lean/meta-principle/IndisputableChain/.lake/build/ir/IndisputableChain/T7.setup.json --json",
   "level": "trace"},
  {"message":
   "IndisputableChain/T7.lean:20:2: try 'simp' instead of 'simpa'\n\nNote: This linter can be disabled with `set_option linter.unnecessarySimpa false`",
   "level": "warning"}],
 "inputs":
 [["IndisputableChain.T7:deps",
   [["deps",
     [["IndisputableChain/IndisputableChain:extraDep",
       [["@IndisputableChain:extraDep", "1723"]]],
      ["import oleans",
       [["Mathlib.Data.Fintype.Basic:olean",
         [["Mathlib.Data.Fintype.Basic:deps", "2005592002067327741"],
          ["/Volumes/T9/Cursor-Active/aug11-lean/meta-principle/IndisputableChain/.lake/packages/mathlib/.lake/build/lib/lean/Mathlib/Data/Fintype/Basic.olean",
           "3210816634008930295"]]],
        ["Mathlib.Data.Fin.Basic:olean",
         [["Mathlib.Data.Fin.Basic:deps", "12935240714718548762"],
          ["/Volumes/T9/Cursor-Active/aug11-lean/meta-principle/IndisputableChain/.lake/packages/mathlib/.lake/build/lib/lean/Mathlib/Data/Fin/Basic.olean",
           "13199686615257079709"]]],
        ["Mathlib.Tactic:olean",
         [["Mathlib.Tactic:deps", "15918887272179620202"],
          ["/Volumes/T9/Cursor-Active/aug11-lean/meta-principle/IndisputableChain/.lake/packages/mathlib/.lake/build/lib/lean/Mathlib/Tactic.olean",
           "10432038560400740756"]]]]]]],
    ["libs",
     [["import dynlibs", "1723"],
      ["package external libraries", "1723"],
      ["module dynlibs", "1723"],
      ["module plugins", "1723"]]]]],
  ["Lean 4.22.0, commit 30ceb3260d7d7536092fedff969b4b2e8de7f942",
   "7333961747739924687"],
  ["/Volumes/T9/Cursor-Active/aug11-lean/meta-principle/IndisputableChain/IndisputableChain/T7.lean",
   "5782891086975172687"],
  ["options", "1723"],
  ["Module.leanArgs: #[]", "1723"]],
 "depHash": "12800927731108711637"}