{"synthetic": false,
 "outputs":
 {"o": ["12392877926836630051"],
  "i": "953366091693268640",
  "c": "11594387170488449769"},
 "log":
 [{"message":
   ".> LEAN_PATH=/Volumes/T9/Cursor-Active/aug11-lean/meta-principle/IndisputableChain/.lake/packages/Cli/.lake/build/lib/lean:/Volumes/T9/Cursor-Active/aug11-lean/meta-principle/IndisputableChain/.lake/packages/batteries/.lake/build/lib/lean:/Volumes/T9/Cursor-Active/aug11-lean/meta-principle/IndisputableChain/.lake/packages/Qq/.lake/build/lib/lean:/Volumes/T9/Cursor-Active/aug11-lean/meta-principle/IndisputableChain/.lake/packages/aesop/.lake/build/lib/lean:/Volumes/T9/Cursor-Active/aug11-lean/meta-principle/IndisputableChain/.lake/packages/proofwidgets/.lake/build/lib/lean:/Volumes/T9/Cursor-Active/aug11-lean/meta-principle/IndisputableChain/.lake/packages/importGraph/.lake/build/lib/lean:/Volumes/T9/Cursor-Active/aug11-lean/meta-principle/IndisputableChain/.lake/packages/LeanSearchClient/.lake/build/lib/lean:/Volumes/T9/Cursor-Active/aug11-lean/meta-principle/IndisputableChain/.lake/packages/plausible/.lake/build/lib/lean:/Volumes/T9/Cursor-Active/aug11-lean/meta-principle/IndisputableChain/.lake/packages/mathlib/.lake/build/lib/lean:/Volumes/T9/Cursor-Active/aug11-lean/meta-principle/IndisputableChain/.lake/build/lib/lean /Users/jonathanwashburn/.elan/toolchains/leanprover--lean4---v4.22.0-rc4/bin/lean /Volumes/T9/Cursor-Active/aug11-lean/meta-principle/IndisputableChain/IndisputableChain.lean -o /Volumes/T9/Cursor-Active/aug11-lean/meta-principle/IndisputableChain/.lake/build/lib/lean/IndisputableChain.olean -i /Volumes/T9/Cursor-Active/aug11-lean/meta-principle/IndisputableChain/.lake/build/lib/lean/IndisputableChain.ilean -c /Volumes/T9/Cursor-Active/aug11-lean/meta-principle/IndisputableChain/.lake/build/ir/IndisputableChain.c --setup /Volumes/T9/Cursor-Active/aug11-lean/meta-principle/IndisputableChain/.lake/build/ir/IndisputableChain.setup.json --json",
   "level": "trace"}],
 "inputs":
 [["IndisputableChain:deps",
   [["deps",
     [["IndisputableChain/IndisputableChain:extraDep",
       [["@IndisputableChain:extraDep", "1723"]]],
      ["import oleans",
       [["IndisputableChain.T7:olean",
         [["IndisputableChain.T7:deps", "5777149918502536198"],
          ["/Volumes/T9/Cursor-Active/aug11-lean/meta-principle/IndisputableChain/.lake/build/lib/lean/IndisputableChain/T7.olean",
           "2676615065245630316"]]]]]]],
    ["libs",
     [["import dynlibs", "1723"],
      ["package external libraries", "1723"],
      ["module dynlibs", "1723"],
      ["module plugins", "1723"]]]]],
  ["Lean 4.22.0, commit 30ceb3260d7d7536092fedff969b4b2e8de7f942",
   "7333961747739924687"],
  ["/Volumes/T9/Cursor-Active/aug11-lean/meta-principle/IndisputableChain/IndisputableChain.lean",
   "16336685143181733048"],
  ["options", "1723"],
  ["Module.leanArgs: #[]", "1723"]],
 "depHash": "17644305917688803912"}