{"log":
 [{"message":
   ".> LEAN_PATH=/Volumes/T9/Cursor-Active/aug11-lean/meta-principle/docs/monolith/.lake/packages/Cli/.lake/build/lib/lean:/Volumes/T9/Cursor-Active/aug11-lean/meta-principle/docs/monolith/.lake/packages/batteries/.lake/build/lib/lean:/Volumes/T9/Cursor-Active/aug11-lean/meta-principle/docs/monolith/.lake/packages/Qq/.lake/build/lib/lean:/Volumes/T9/Cursor-Active/aug11-lean/meta-principle/docs/monolith/.lake/packages/aesop/.lake/build/lib/lean:/Volumes/T9/Cursor-Active/aug11-lean/meta-principle/docs/monolith/.lake/packages/proofwidgets/.lake/build/lib/lean:/Volumes/T9/Cursor-Active/aug11-lean/meta-principle/docs/monolith/.lake/packages/importGraph/.lake/build/lib/lean:/Volumes/T9/Cursor-Active/aug11-lean/meta-principle/docs/monolith/.lake/packages/LeanSearchClient/.lake/build/lib/lean:/Volumes/T9/Cursor-Active/aug11-lean/meta-principle/docs/monolith/.lake/packages/plausible/.lake/build/lib/lean:/Volumes/T9/Cursor-Active/aug11-lean/meta-principle/docs/monolith/.lake/packages/mathlib/.lake/build/lib/lean:/Volumes/T9/Cursor-Active/aug11-lean/meta-principle/docs/monolith/.lake/build/lib/lean /Users/jonathanwashburn/.elan/toolchains/leanprover--lean4---v4.21.0/bin/lean /Volumes/T9/Cursor-Active/aug11-lean/meta-principle/docs/monolith/src/IndisputableMonolith.lean -R /Volumes/T9/Cursor-Active/aug11-lean/meta-principle/docs/monolith/src -o /Volumes/T9/Cursor-Active/aug11-lean/meta-principle/docs/monolith/.lake/build/lib/lean/IndisputableMonolith.olean -i /Volumes/T9/Cursor-Active/aug11-lean/meta-principle/docs/monolith/.lake/build/lib/lean/IndisputableMonolith.ilean -c /Volumes/T9/Cursor-Active/aug11-lean/meta-principle/docs/monolith/.lake/build/ir/IndisputableMonolith.c --json",
   "level": "trace"},
  {"message":
   "src/IndisputableMonolith.lean:18:21: unused variable `r`\nnote: this linter can be disabled with `set_option linter.unusedVariables false`",
   "level": "warning"},
  {"message":
   "src/IndisputableMonolith.lean:77:2: try 'simp' instead of 'simpa'\nnote: this linter can be disabled with `set_option linter.unnecessarySimpa false`",
   "level": "warning"},
  {"message":
   "src/IndisputableMonolith.lean:87:37: try 'simp' instead of 'simpa'\nnote: this linter can be disabled with `set_option linter.unnecessarySimpa false`",
   "level": "warning"},
  {"message":
   "src/IndisputableMonolith.lean:115:2: try 'simp' instead of 'simpa'\nnote: this linter can be disabled with `set_option linter.unnecessarySimpa false`",
   "level": "warning"},
  {"message":
   "src/IndisputableMonolith.lean:128:58: try 'simp' instead of 'simpa'\nnote: this linter can be disabled with `set_option linter.unnecessarySimpa false`",
   "level": "warning"},
  {"message":
   "src/IndisputableMonolith.lean:171:2: try 'simp' instead of 'simpa'\nnote: this linter can be disabled with `set_option linter.unnecessarySimpa false`",
   "level": "warning"},
  {"message":
   "src/IndisputableMonolith.lean:176:3: unused variable `hCR`\nnote: this linter can be disabled with `set_option linter.unusedVariables false`",
   "level": "warning"}],
 "inputs":
 [["IndisputableMonolith:deps",
   [["deps",
     [["IndisputableMonolith/IndisputableMonolith:extraDep",
       [["@IndisputableMonolith:extraDep", "1723"]]],
      ["import oleans",
       [["Mathlib.Data.Fintype.Basic:olean",
         [["Mathlib.Data.Fintype.Basic:deps", "8329850195212040406"],
          ["/Volumes/T9/Cursor-Active/aug11-lean/meta-principle/docs/monolith/.lake/packages/mathlib/.lake/build/lib/lean/Mathlib/Data/Fintype/Basic.olean",
           "6359838526280678935"]]],
        ["Mathlib.Data.Fintype.Card:olean",
         [["Mathlib.Data.Fintype.Card:deps", "18186854475915304398"],
          ["/Volumes/T9/Cursor-Active/aug11-lean/meta-principle/docs/monolith/.lake/packages/mathlib/.lake/build/lib/lean/Mathlib/Data/Fintype/Card.olean",
           "1782704267006735595"]]],
        ["Mathlib.Data.Fin.Basic:olean",
         [["Mathlib.Data.Fin.Basic:deps", "17957941290858742671"],
          ["/Volumes/T9/Cursor-Active/aug11-lean/meta-principle/docs/monolith/.lake/packages/mathlib/.lake/build/lib/lean/Mathlib/Data/Fin/Basic.olean",
           "16780043075443744310"]]],
        ["Mathlib.Tactic:olean",
         [["Mathlib.Tactic:deps", "1245437546238350519"],
          ["/Volumes/T9/Cursor-Active/aug11-lean/meta-principle/docs/monolith/.lake/packages/mathlib/.lake/build/lib/lean/Mathlib/Tactic.olean",
           "11176501395715030768"]]]]]]],
    ["libs",
     [["import dynlibs", "1723"],
      ["package external libraries", "1723"],
      ["module dynlibs", "1723"],
      ["module plugins", "1723"]]]]],
  ["Lean 4.21.0, commit 6741444a63eec253a7eae7a83f1beb3de015023d",
   "11123825329739276520"],
  ["Module.leanArgs: #[]", "1723"],
  ["/Volumes/T9/Cursor-Active/aug11-lean/meta-principle/docs/monolith/src/IndisputableMonolith.lean",
   "803257074387456508"]],
 "depHash": "1417963171657932910"}